2021-05-31 21:56:34:5634 [35mhttp[39m: [35mGET /account/signout 200 8 - 5.608 ms[39m
[35m[39m
2021-05-31 21:57:00:570 [35mhttp[39m: [35mGET /account/signout 404 154 - 2.086 ms[39m
[35m[39m
2021-05-31 21:57:04:574 [35mhttp[39m: [35mPOST /account/signout 200 8 - 1.579 ms[39m
[35m[39m
2021-05-31 21:57:10:5710 [35mhttp[39m: [35mPOST /account/signin 422 190 - 8.784 ms[39m
[35m[39m
2021-05-31 21:58:37:5837 [35mhttp[39m: [35mPOST 422 /account/signin 190 - 10.818 ms[39m
[35m[39m
2021-05-31 21:58:53:5853 [35mhttp[39m: [35mGET 404 /account/signin 153 - 1.113 ms[39m
[35m[39m
2021-05-31 21:58:57:5857 [35mhttp[39m: [35mPOST 422 /account/signin 190 - 7.635 ms[39m
[35m[39m
2021-05-31 21:59:28:5928 [35mhttp[39m: [35mPOST 422 /account/signin 190 - 12.633 ms[39m
[35m[39m
2021-05-31 22:00:03:03 [35mhttp[39m: [35mPOST 422 /account/signin 190 - 11.719 ms[39m
[35m[39m
2021-05-31 22:00:06:06 [35mhttp[39m: [35mPOST 422 /account/signin 190 - 4.503 ms[39m
[35m[39m
2021-05-31 22:04:24:424 [35mhttp[39m: [35m[39m
[35m[39m
2021-05-31 22:05:37:537 [35mhttp[39m: [35mPOST 422 /account/signin 190 - 11.358 ms[39m
2021-05-31 22:05:39:539 [35mhttp[39m: [35mPOST 422 /account/signin 190 - 4.609 ms[39m
2021-05-31 22:06:55:655 [35mhttp[39m: [35mPOST 422 /account/signin 190 - 11.895 ms[39m
2021-05-31 22:08:20:820 [35mhttp[39m: [35mPOST 200 /account/signin 7 - 14.360 ms[39m
2021-05-31 22:08:23:823 [35mhttp[39m: [35mPOST 200 /account/signin 7 - 3.639 ms[39m
2021-05-31 22:08:24:824 [35mhttp[39m: [35mPOST 200 /account/signin 7 - 1.430 ms[39m
2021-05-31 22:09:19:919 [35mhttp[39m: [35mPOST 422 /account/signin?email&password 332 - 12.661 ms[39m
2021-05-31 22:09:45:945 [35mhttp[39m: [35mPOST 422 /account/signin?email&password 332 - 10.616 ms[39m
2021-05-31 22:10:21:1021 [35mhttp[39m: [35mPOST 422 /account/signin?email&password 332 - 11.335 ms[39m
2021-05-31 22:11:31:1131 [35mhttp[39m: [35mPOST 422 /account/signin?email&password 332 - 11.643 ms[39m
2021-05-31 22:11:35:1135 [35mhttp[39m: [35mPOST 422 /account/signin?email&password 332 - 3.421 ms[39m
2021-05-31 22:12:28:1228 [35mhttp[39m: [35mPOST 422 /account/signin?email&password 332 - 11.516 ms[39m
2021-05-31 22:12:31:1231 [35mhttp[39m: [35mPOST 422 /account/signin?email&password 332 - 6.655 ms[39m
2021-05-31 22:14:28:1428 [35mhttp[39m: [35mPOST 422 /account/signin?email&password 174 - 8.262 ms[39m
2021-05-31 22:14:34:1434 [35mhttp[39m: [35mPOST 422 /account/signin?email=ssdd&password 179 - 6.057 ms[39m
2021-05-31 22:14:46:1446 [35mhttp[39m: [35mPOST 422 /account/signin?email=ssdd&password=sdsd 178 - 3.961 ms[39m
2021-05-31 22:14:52:1452 [35mhttp[39m: [35mPOST 422 /account/signin?email=ssdd@g&password=sdsd 179 - 5.002 ms[39m
2021-05-31 22:14:57:1457 [35mhttp[39m: [35mPOST 422 /account/signin?email=ssdd@gmaill.com&password=sdsd 95 - 5.751 ms[39m
2021-05-31 22:15:28:1528 [35mhttp[39m: [35mPOST 200 /account/signin?email=ssdd@gmaill.com&password=sdsddfsfsdfsdfsdfsdfsd 7 - 1.681 ms[39m
2021-05-31 22:15:51:1551 [35mhttp[39m: [35mPOST 200 /account/signout 8 - 0.583 ms[39m
2021-05-31 22:16:33:1633 [35mhttp[39m: [35mPOST 200 /account/signout 8 - 0.517 ms[39m
2021-05-31 22:16:38:1638 [35mhttp[39m: [35mPOST 422 /account/signin 161 - 3.569 ms[39m
2021-05-31 22:16:46:1646 [35mhttp[39m: [35mPOST 422 /account/signin 161 - 2.218 ms[39m
2021-05-31 22:16:48:1648 [35mhttp[39m: [35mPOST 422 /account/signin 161 - 1.113 ms[39m
2021-05-31 22:16:48:1648 [35mhttp[39m: [35mPOST 422 /account/signin 161 - 1.036 ms[39m
2021-05-31 22:16:49:1649 [35mhttp[39m: [35mPOST 422 /account/signin 161 - 0.947 ms[39m
2021-05-31 22:16:49:1649 [35mhttp[39m: [35mPOST 422 /account/signin 161 - 1.191 ms[39m
2021-05-31 22:16:49:1649 [35mhttp[39m: [35mPOST 422 /account/signin 161 - 2.086 ms[39m
2021-05-31 22:16:56:1656 [35mhttp[39m: [35mPOST 422 /account/signin 161 - 2.020 ms[39m
2021-05-31 22:16:56:1656 [35mhttp[39m: [35mPOST 422 /account/signin 161 - 0.950 ms[39m
2021-05-31 22:16:57:1657 [35mhttp[39m: [35mPOST 422 /account/signin 161 - 0.944 ms[39m
2021-05-31 22:16:58:1658 [35mhttp[39m: [35mPOST 422 /account/signin 161 - 1.313 ms[39m
2021-05-31 22:16:58:1658 [35mhttp[39m: [35mPOST 422 /account/signin 161 - 4.042 ms[39m
2021-05-31 22:16:59:1659 [35mhttp[39m: [35mPOST 422 /account/signin 161 - 1.134 ms[39m
2021-05-31 22:17:00:170 [35mhttp[39m: [35mPOST 422 /account/signin 161 - 1.260 ms[39m
2021-05-31 22:17:40:1740 [35mhttp[39m: [35mPOST 422 /account/signin 172 - 2.770 ms[39m
2021-05-31 22:17:46:1746 [35mhttp[39m: [35mPOST 422 /account/signin 178 - 2.127 ms[39m
2021-05-31 22:17:52:1752 [35mhttp[39m: [35mPOST 422 /account/signin 179 - 1.297 ms[39m
2021-05-31 22:17:56:1756 [35mhttp[39m: [35mPOST 422 /account/signin 95 - 1.217 ms[39m
2021-05-31 22:18:04:184 [35mhttp[39m: [35mPOST 422 /account/signin?email 90 - 2.622 ms[39m
2021-05-31 22:18:10:1810 [35mhttp[39m: [35mPOST 422 /account/signin?email 90 - 1.654 ms[39m
2021-05-31 22:18:12:1812 [35mhttp[39m: [35mPOST 422 /account/signin?email 90 - 2.046 ms[39m
2021-05-31 22:18:13:1813 [35mhttp[39m: [35mPOST 422 /account/signin?email 90 - 0.937 ms[39m
2021-05-31 22:18:20:1820 [35mhttp[39m: [35mPOST 422 /account/signin?email 90 - 2.761 ms[39m
2021-05-31 22:18:21:1821 [35mhttp[39m: [35mPOST 422 /account/signin?email 90 - 2.725 ms[39m
2021-05-31 22:18:26:1826 [35mhttp[39m: [35mPOST 422 /account/signin 95 - 1.508 ms[39m
2021-05-31 22:18:30:1830 [35mhttp[39m: [35mPOST 422 /account/signin 95 - 1.667 ms[39m
2021-05-31 22:18:30:1830 [35mhttp[39m: [35mPOST 422 /account/signin 95 - 0.976 ms[39m
2021-05-31 22:18:30:1830 [35mhttp[39m: [35mPOST 422 /account/signin 95 - 1.611 ms[39m
